{"c:\\Users\\anttu\\Documents\\Git\\Cloudpro\\w5 NodeJS & Testing\\02 Unit Testing\\shopping\\modules\\shopping.js":{"path":"c:\\Users\\anttu\\Documents\\Git\\Cloudpro\\w5 NodeJS & Testing\\02 Unit Testing\\shopping\\modules\\shopping.js","s":{"1":1,"2":1,"3":47,"4":31,"5":16,"6":16,"7":16,"8":47,"9":1,"10":4,"11":1,"12":13,"13":1,"14":3,"15":3,"16":4,"17":3,"18":1,"19":4,"20":1,"21":3,"22":1,"23":3,"24":3,"25":1,"26":2,"27":1,"28":5,"29":5,"30":1,"31":4,"32":1,"33":3,"34":1,"35":2,"36":2,"37":2,"38":1,"39":1,"40":1,"41":1},"b":{"1":[31,16],"2":[1,3],"3":[1,2],"4":[1,4],"5":[5,5],"6":[1,3],"7":[1,2],"8":[1,1]},"f":{},"fnMap":{},"statementMap":{"1":{"start":{"line":9,"column":0},"end":{"line":9,"column":20}},"2":{"start":{"line":12,"column":0},"end":{"line":25,"column":1}},"3":{"start":{"line":14,"column":1},"end":{"line":23,"column":2}},"4":{"start":{"line":16,"column":2},"end":{"line":16,"column":39}},"5":{"start":{"line":19,"column":2},"end":{"line":19,"column":24}},"6":{"start":{"line":20,"column":2},"end":{"line":20,"column":10}},"7":{"start":{"line":22,"column":2},"end":{"line":22,"column":19}},"8":{"start":{"line":24,"column":1},"end":{"line":24,"column":22}},"9":{"start":{"line":29,"column":0},"end":{"line":32,"column":1}},"10":{"start":{"line":31,"column":1},"end":{"line":31,"column":17}},"11":{"start":{"line":35,"column":0},"end":{"line":37,"column":1}},"12":{"start":{"line":36,"column":1},"end":{"line":36,"column":17}},"13":{"start":{"line":40,"column":0},"end":{"line":46,"column":1}},"14":{"start":{"line":41,"column":1},"end":{"line":41,"column":21}},"15":{"start":{"line":42,"column":1},"end":{"line":44,"column":2}},"16":{"start":{"line":43,"column":2},"end":{"line":43,"column":23}},"17":{"start":{"line":45,"column":1},"end":{"line":45,"column":17}},"18":{"start":{"line":54,"column":0},"end":{"line":59,"column":1}},"19":{"start":{"line":55,"column":1},"end":{"line":57,"column":2}},"20":{"start":{"line":56,"column":2},"end":{"line":56,"column":37}},"21":{"start":{"line":58,"column":1},"end":{"line":58,"column":22}},"22":{"start":{"line":62,"column":0},"end":{"line":68,"column":1}},"23":{"start":{"line":63,"column":1},"end":{"line":63,"column":26}},"24":{"start":{"line":64,"column":1},"end":{"line":66,"column":2}},"25":{"start":{"line":65,"column":2},"end":{"line":65,"column":37}},"26":{"start":{"line":67,"column":1},"end":{"line":67,"column":18}},"27":{"start":{"line":71,"column":0},"end":{"line":90,"column":1}},"28":{"start":{"line":72,"column":1},"end":{"line":72,"column":23}},"29":{"start":{"line":73,"column":1},"end":{"line":75,"column":2}},"30":{"start":{"line":74,"column":2},"end":{"line":74,"column":53}},"31":{"start":{"line":76,"column":1},"end":{"line":78,"column":2}},"32":{"start":{"line":77,"column":2},"end":{"line":77,"column":37}},"33":{"start":{"line":79,"column":1},"end":{"line":81,"column":2}},"34":{"start":{"line":80,"column":2},"end":{"line":80,"column":56}},"35":{"start":{"line":82,"column":1},"end":{"line":82,"column":24}},"36":{"start":{"line":83,"column":1},"end":{"line":83,"column":29}},"37":{"start":{"line":84,"column":1},"end":{"line":87,"column":2}},"38":{"start":{"line":85,"column":2},"end":{"line":85,"column":19}},"39":{"start":{"line":86,"column":2},"end":{"line":86,"column":8}},"40":{"start":{"line":88,"column":1},"end":{"line":88,"column":34}},"41":{"start":{"line":89,"column":1},"end":{"line":89,"column":24}}},"branchMap":{"1":{"line":14,"type":"if","locations":[{"start":{"line":14,"column":1},"end":{"line":14,"column":1}},{"start":{"line":14,"column":1},"end":{"line":14,"column":1}}]},"2":{"line":55,"type":"if","locations":[{"start":{"line":55,"column":1},"end":{"line":55,"column":1}},{"start":{"line":55,"column":1},"end":{"line":55,"column":1}}]},"3":{"line":64,"type":"if","locations":[{"start":{"line":64,"column":1},"end":{"line":64,"column":1}},{"start":{"line":64,"column":1},"end":{"line":64,"column":1}}]},"4":{"line":73,"type":"if","locations":[{"start":{"line":73,"column":1},"end":{"line":73,"column":1}},{"start":{"line":73,"column":1},"end":{"line":73,"column":1}}]},"5":{"line":73,"type":"binary-expr","locations":[{"start":{"line":73,"column":5},"end":{"line":73,"column":23}},{"start":{"line":73,"column":27},"end":{"line":73,"column":46}}]},"6":{"line":76,"type":"if","locations":[{"start":{"line":76,"column":1},"end":{"line":76,"column":1}},{"start":{"line":76,"column":1},"end":{"line":76,"column":1}}]},"7":{"line":79,"type":"if","locations":[{"start":{"line":79,"column":1},"end":{"line":79,"column":1}},{"start":{"line":79,"column":1},"end":{"line":79,"column":1}}]},"8":{"line":84,"type":"if","locations":[{"start":{"line":84,"column":1},"end":{"line":84,"column":1}},{"start":{"line":84,"column":1},"end":{"line":84,"column":1}}]}}}}